INFO  2025-10-01 03:12:04,815 serena.cli:health_check:557 - Starting health check for project: D:\適当\MS_DB_UI\MS_DB_UI
INFO  2025-10-01 03:12:04,815 serena.cli:health_check:561 - Creating SerenaAgent with disabled dashboard...
INFO  2025-10-01 03:12:04,931 serena.agent:__init__:204 - Starting Serena server (version=0.1.4-48cce2a6-dirty, process id=100488, parent process id=113696)
INFO  2025-10-01 03:12:04,931 serena.agent:__init__:205 - Configuration file: None
INFO  2025-10-01 03:12:04,931 serena.agent:__init__:206 - Available projects: 
INFO  2025-10-01 03:12:04,931 serena.agent:__init__:207 - Loaded tools (36): read_file, create_text_file, list_dir, find_file, replace_regex, delete_lines, replace_lines, insert_at_line, search_for_pattern, restart_language_server, get_symbols_overview, find_symbol, find_referencing_symbols, replace_symbol_body, insert_after_symbol, insert_before_symbol, write_memory, read_memory, list_memories, delete_memory, execute_shell_command, activate_project, remove_project, switch_modes, get_current_config, check_onboarding_performed, onboarding, think_about_collected_information, think_about_task_adherence, think_about_whether_you_are_done, summarize_changes, prepare_for_new_conversation, initial_instructions, jet_brains_find_symbol, jet_brains_find_referencing_symbols, jet_brains_get_symbols_overview
INFO  2025-10-01 03:12:04,931 serena.config.serena_config:apply:106 - SerenaAgentContext[name='desktop-app'] included 1 tools: switch_modes
INFO  2025-10-01 03:12:04,952 serena.agent:__init__:221 - Number of exposed tools: 26
INFO  2025-10-01 03:12:04,964 serena.agent:_update_active_tools:401 - Active tools (26): activate_project, check_onboarding_performed, create_text_file, delete_memory, execute_shell_command, find_file, find_referencing_symbols, find_symbol, get_current_config, get_symbols_overview, insert_after_symbol, insert_before_symbol, list_dir, list_memories, onboarding, prepare_for_new_conversation, read_file, read_memory, replace_regex, replace_symbol_body, search_for_pattern, switch_modes, think_about_collected_information, think_about_task_adherence, think_about_whether_you_are_done, write_memory
INFO  2025-10-01 03:12:04,967 serena.util.file_system:start:329 - Loading of .gitignore files starting ...
INFO  2025-10-01 03:12:04,967 serena.util.file_system:_load_gitignore_files:148 - Processing .gitignore file: D:\適当\MS_DB_UI\MS_DB_UI\.gitignore
INFO  2025-10-01 03:12:04,967 serena.util.file_system:_load_gitignore_files:148 - Processing .gitignore file: D:\適当\MS_DB_UI\MS_DB_UI\.serena\.gitignore
INFO  2025-10-01 03:12:04,969 serena.util.file_system:stop:336 - Loading of .gitignore files completed in 0.002 seconds
INFO  2025-10-01 03:12:04,970 serena.agent:load_project_from_path_or_name:476 - Added new project MS_DB_UI for path D:\適当\MS_DB_UI\MS_DB_UI
INFO  2025-10-01 03:12:04,970 serena.agent:_activate_project:441 - Activating MS_DB_UI at D:\適当\MS_DB_UI\MS_DB_UI
INFO  2025-10-01 03:12:04,970 serena.agent:_update_active_tools:401 - Active tools (26): activate_project, check_onboarding_performed, create_text_file, delete_memory, execute_shell_command, find_file, find_referencing_symbols, find_symbol, get_current_config, get_symbols_overview, insert_after_symbol, insert_before_symbol, list_dir, list_memories, onboarding, prepare_for_new_conversation, read_file, read_memory, replace_regex, replace_symbol_body, search_for_pattern, switch_modes, think_about_collected_information, think_about_task_adherence, think_about_whether_you_are_done, write_memory
INFO  2025-10-01 03:12:04,970 serena.agent:issue_task:420 - Scheduling Task-1[init_language_server]
INFO  2025-10-01 03:12:04,970 serena.agent:start:329 - Task-1[init_language_server] starting ...
INFO  2025-10-01 03:12:04,970 serena.cli:health_check:564 - SerenaAgent created successfully
INFO  2025-10-01 03:12:04,970 serena.agent:start:329 - Language server initialization starting ...
INFO  2025-10-01 03:12:04,970 serena.cli:health_check:567 - Searching for analyzable files...
INFO  2025-10-01 03:12:04,971 serena.project:create_language_server:303 - Creating language server instance for D:\適当\MS_DB_UI\MS_DB_UI.
INFO  2025-10-01 03:12:04,981 serena.cli:health_check:576 - Found analyzable file: vite.config.js
INFO  2025-10-01 03:12:04,981 serena.cli:health_check:594 - Testing GetSymbolsOverviewTool on file: vite.config.js
INFO  2025-10-01 03:12:04,981 serena.agent:issue_task:420 - Scheduling Task-2[<lambda>]
INFO  2025-10-01 03:12:05,127 serena.agent:reset_language_server:594 - Starting the language server for MS_DB_UI
INFO  2025-10-01 03:12:05,128 solidlsp:start:1622 - Starting language server with language typescript for D:\適当\MS_DB_UI\MS_DB_UI
INFO  2025-10-01 03:12:05,129 solidlsp:_start_server:224 - Starting TypeScript server process
INFO  2025-10-01 03:12:05,129 solidlsp.ls_handler:start:189 - Starting language server process via command: ['C:\\Users\\halca\\.serena\\language_servers\\static\\TypeScriptLanguageServer\\ts-lsp\\node_modules\\.bin\\typescript-language-server', '--stdio']
INFO  2025-10-01 03:12:05,136 solidlsp:_start_server:228 - Sending initialize request from LSP client to LSP server and awaiting response
INFO  2025-10-01 03:12:05,261 solidlsp:window_log_message:207 - LSP: window/logMessage: {"type": 3, "message": "Using Typescript version (bundled) 5.5.4 from path "C:\\Users\\halca\\.serena\\language_servers\\static\\TypeScriptLanguageServer\\ts-lsp\\node_modules\\typescript\\lib\\tsserver.js""}
INFO  2025-10-01 03:12:06,266 solidlsp:_start_server:246 - Timeout waiting for TypeScript server to become ready, proceeding anyway
INFO  2025-10-01 03:12:06,266 serena.agent:stop:336 - Language server initialization completed in 1.296 seconds
INFO  2025-10-01 03:12:06,266 serena.agent:stop:336 - Task-1[init_language_server] completed in 1.296 seconds
INFO  2025-10-01 03:12:06,266 serena.agent:start:329 - Task-2[<lambda>] starting ...
INFO  2025-10-01 03:12:06,559 serena.agent:stop:336 - Task-2[<lambda>] completed in 0.293 seconds
INFO  2025-10-01 03:12:06,560 serena.cli:health_check:597 - GetSymbolsOverviewTool returned 1 symbols
INFO  2025-10-01 03:12:06,560 serena.cli:health_check:618 - No class or function found, using first available symbol
INFO  2025-10-01 03:12:06,560 serena.cli:health_check:622 - Using symbol for testing: default (kind: 14)
INFO  2025-10-01 03:12:06,560 serena.cli:health_check:625 - Testing FindSymbolTool for symbol: default
INFO  2025-10-01 03:12:06,560 serena.agent:issue_task:420 - Scheduling Task-3[<lambda>]
INFO  2025-10-01 03:12:06,560 serena.agent:start:329 - Task-3[<lambda>] starting ...
INFO  2025-10-01 03:12:06,575 serena.agent:stop:336 - Task-3[<lambda>] completed in 0.015 seconds
INFO  2025-10-01 03:12:06,575 serena.cli:health_check:630 - FindSymbolTool found 1 matches for symbol default
INFO  2025-10-01 03:12:06,576 serena.cli:health_check:633 - Testing FindReferencingSymbolsTool for symbol: default
INFO  2025-10-01 03:12:06,576 serena.agent:issue_task:420 - Scheduling Task-4[<lambda>]
INFO  2025-10-01 03:12:06,576 serena.agent:start:329 - Task-4[<lambda>] starting ...
INFO  2025-10-01 03:12:07,593 serena.agent:stop:336 - Task-4[<lambda>] completed in 1.017 seconds
INFO  2025-10-01 03:12:07,594 serena.cli:health_check:637 - FindReferencingSymbolsTool found 0 references for symbol default
INFO  2025-10-01 03:12:07,594 serena.cli:health_check:643 - Testing SearchForPatternTool for pattern: default
INFO  2025-10-01 03:12:07,594 serena.agent:issue_task:420 - Scheduling Task-5[<lambda>]
INFO  2025-10-01 03:12:07,594 serena.agent:start:329 - Task-5[<lambda>] starting ...
INFO  2025-10-01 03:12:07,603 serena.text_utils:search_files:326 - Processing 23 files.
INFO  2025-10-01 03:12:08,240 serena.text_utils:search_files:367 - Found 640 total matches across 23 files
INFO  2025-10-01 03:12:08,624 serena.agent:stop:336 - Task-5[<lambda>] completed in 1.030 seconds
WARNING 2025-10-01 03:12:08,625 serena.cli:health_check:652 - SearchForPatternTool failed for pattern default: Expecting value: line 1 column 1 (char 0)
WARNING 2025-10-01 03:12:08,625 serena.cli:health_check:662 - Both FindReferencingSymbolsTool and SearchForPatternTool found no matches - this might indicate an issue
INFO  2025-10-01 03:12:08,625 serena.cli:health_check:664 - Health check completed successfully
